  Ray-Tracing.cpp
D:\Code\Ray-Tracing\Ray-Tracing\Ray-Tracing\Config.h(7,42): warning C4305: 'initializing': truncation from 'double' to 'const float'
D:\Code\Ray-Tracing\Ray-Tracing\Ray-Tracing\Config.h(9,31): warning C4244: 'initializing': conversion from 'float' to 'const size_t', possible loss of data
D:\Code\Ray-Tracing\Ray-Tracing\Ray-Tracing\Triangle.h(21,24): warning C4305: 'initializing': truncation from 'double' to 'const float'
D:\Code\Ray-Tracing\Ray-Tracing\Ray-Tracing\Sphere.h(17,24): warning C4244: 'initializing': conversion from 'double' to 'float', possible loss of data
D:\Code\Ray-Tracing\Ray-Tracing\Ray-Tracing\Sphere.h(17,18): warning C4244: 'initializing': conversion from 'double' to 'const float', possible loss of data
D:\Code\Ray-Tracing\Ray-Tracing\Ray-Tracing\Ray-Tracing.cpp(56,34): warning C4244: '=': conversion from '_T' to '_T', possible loss of data
          with
          [
              _T=float
          ]
          and
          [
              _T=colour_t
          ]
D:\Code\Ray-Tracing\Ray-Tracing\Ray-Tracing\Ray-Tracing.cpp(57,34): warning C4244: '=': conversion from '_T' to '_T', possible loss of data
          with
          [
              _T=float
          ]
          and
          [
              _T=colour_t
          ]
D:\Code\Ray-Tracing\Ray-Tracing\Ray-Tracing\Ray-Tracing.cpp(58,34): warning C4244: '=': conversion from '_T' to '_T', possible loss of data
          with
          [
              _T=float
          ]
          and
          [
              _T=colour_t
          ]
D:\Code\Ray-Tracing\Ray-Tracing\Ray-Tracing\Utils.h(6,61): warning C4244: 'return': conversion from 'double' to 'size_t', possible loss of data
D:\Code\Ray-Tracing\Ray-Tracing\Ray-Tracing\Config.h(17): message : see reference to function template instantiation 'size_t unstd::unsigned_max<colour_t>(void)' being compiled
  Generating code
  1 of 479 functions ( 0.2%) were compiled, the rest were copied from previous compilation.
    0 functions were new in current compilation
    1 functions had inline decision re-evaluated but remain unchanged
  Finished generating code
  Ray-Tracing.vcxproj -> D:\Code\Ray-Tracing\Ray-Tracing\x64\Release\Ray-Tracing.exe
